Build started 4/13/2011 6:21:10 PM.
     1>Project "C:\Users\Marcus\Documents\My Dropbox\Documents\School Stuff\CIS 26\Homework\Lab06\Lab06\Lab06.vcxproj" on node 2 (build target(s)).
     1>InitializeBuildStatus:
         Creating "Debug\Lab06.unsuccessfulbuild" because "AlwaysCreate" was specified.
       ClCompile:
         C:\Program Files (x86)\Microsoft Visual Studio 10.0\VC\bin\CL.exe /c /ZI /nologo /W3 /WX- /Od /Oy- /D _MBCS /Gm /EHsc /RTC1 /MDd /GS /fp:precise /Zc:wchar_t /Zc:forScope /Fo"Debug\\" /Fd"Debug\vc100.pdb" /Gd /TC /analyze- /errorReport:prompt cis26Spring2011MarcusLarssonLab6Ex1.c
         cis26Spring2011MarcusLarssonLab6Ex1.c
     1>c:\users\marcus\documents\my dropbox\documents\school stuff\cis 26\homework\lab06\lab06\cis26spring2011marcuslarssonlab6ex1.c(50): warning C4996: 'scanf': This function or variable may be unsafe. Consider using scanf_s instead. To disable deprecation, use _CRT_SECURE_NO_WARNINGS. See online help for details.
                 c:\program files (x86)\microsoft visual studio 10.0\vc\include\stdio.h(304) : see declaration of 'scanf'
       Link:
         C:\Program Files (x86)\Microsoft Visual Studio 10.0\VC\bin\link.exe /ERRORREPORT:PROMPT /OUT:"C:\Users\Marcus\Documents\My Dropbox\Documents\School Stuff\CIS 26\Homework\Lab06\Debug\Lab06.exe" /NOLOGO kernel32.lib user32.lib gdi32.lib winspool.lib comdlg32.lib advapi32.lib shell32.lib ole32.lib oleaut32.lib uuid.lib odbc32.lib odbccp32.lib /MANIFEST /ManifestFile:"Debug\Lab06.exe.intermediate.manifest" /MANIFESTUAC:"level='asInvoker' uiAccess='false'" /DEBUG /PDB:"C:\Users\Marcus\Documents\My Dropbox\Documents\School Stuff\CIS 26\Homework\Lab06\Debug\Lab06.pdb" /SUBSYSTEM:CONSOLE /TLBID:1 /DYNAMICBASE /NXCOMPAT /IMPLIB:"C:\Users\Marcus\Documents\My Dropbox\Documents\School Stuff\CIS 26\Homework\Lab06\Debug\Lab06.lib" /MACHINE:X86 Debug\cis26Spring2011MarcusLarssonLab6Ex1.obj
         LINK : C:\Users\Marcus\Documents\My Dropbox\Documents\School Stuff\CIS 26\Homework\Lab06\Debug\Lab06.exe not found or not built by the last incremental link; performing full link
         Lab06.vcxproj -> C:\Users\Marcus\Documents\My Dropbox\Documents\School Stuff\CIS 26\Homework\Lab06\Debug\Lab06.exe
       Manifest:
         C:\Program Files (x86)\Microsoft SDKs\Windows\v7.0A\bin\mt.exe /nologo /verbose /outputresource:"C:\Users\Marcus\Documents\My Dropbox\Documents\School Stuff\CIS 26\Homework\Lab06\Debug\Lab06.exe;#1" /manifest Debug\Lab06.exe.intermediate.manifest
       FinalizeBuildStatus:
         Deleting file "Debug\Lab06.unsuccessfulbuild".
         Touching "Debug\Lab06.lastbuildstate".
     1>Done Building Project "C:\Users\Marcus\Documents\My Dropbox\Documents\School Stuff\CIS 26\Homework\Lab06\Lab06\Lab06.vcxproj" (build target(s)).

Build succeeded.

Time Elapsed 00:00:00.55
